2018-07-06 15:44:27,643 - Default ResourceManager initialization complete.
2018-07-06 15:44:27,644 - Loaded System Directive: org.apache.velocity.runtime.directive.Stop
2018-07-06 15:44:27,645 - Loaded System Directive: org.apache.velocity.runtime.directive.Define
2018-07-06 15:44:27,646 - Loaded System Directive: org.apache.velocity.runtime.directive.Break
2018-07-06 15:44:27,647 - Loaded System Directive: org.apache.velocity.runtime.directive.Evaluate
2018-07-06 15:44:27,647 - Loaded System Directive: org.apache.velocity.runtime.directive.Literal
2018-07-06 15:44:27,648 - Loaded System Directive: org.apache.velocity.runtime.directive.Macro
2018-07-06 15:44:27,650 - Loaded System Directive: org.apache.velocity.runtime.directive.Parse
2018-07-06 15:44:27,651 - Loaded System Directive: org.apache.velocity.runtime.directive.Include
2018-07-06 15:44:27,652 - Loaded System Directive: org.apache.velocity.runtime.directive.Foreach
2018-07-06 15:44:27,676 - Created '20' parsers.
2018-07-06 15:44:27,684 - Velocimacro : initialization starting.
2018-07-06 15:44:27,684 - Velocimacro : "velocimacro.library" is not set.  Trying default library: VM_global_library.vm
2018-07-06 15:44:27,684 - Velocimacro : Default library not found.
2018-07-06 15:44:27,685 - Velocimacro : allowInline = true : VMs can be defined inline in templates
2018-07-06 15:44:27,685 - Velocimacro : allowInlineToOverride = false : VMs defined inline may NOT replace previous VM definitions
2018-07-06 15:44:27,685 - Velocimacro : allowInlineLocal = false : VMs defined inline will be global in scope if allowed.
2018-07-06 15:44:27,685 - Velocimacro : autoload off : VM system will not automatically reload global library macros
2018-07-06 15:44:27,685 - Velocimacro : Velocimacro : initialization complete.
2018-07-06 15:44:27,685 - RuntimeInstance successfully initialized.
2018-07-06 15:44:27,727 - ResourceManager : found om/ControlSql2EntityJava.vm with loader org.apache.velocity.runtime.resource.loader.FileResourceLoader
